<?xml version="1.0" encoding="UTF-8"?>
<testng-results skipped="0" failed="0" ignored="0" total="1" passed="1">
  <reporter-output>
  </reporter-output>
  <suite name="Default Suite" duration-ms="4648" started-at="2019-12-09T06:40:05Z" finished-at="2019-12-09T06:40:09Z">
    <groups>
    </groups>
    <test name="Selenium_Example" duration-ms="4648" started-at="2019-12-09T06:40:05Z" finished-at="2019-12-09T06:40:09Z">
      <class name="Spreetest">
        <test-method status="PASS" signature="startmethod()[pri:0, instance:Spreetest@1b40d5f0]" name="startmethod" duration-ms="4630" started-at="2019-12-09T06:40:05Z" finished-at="2019-12-09T06:40:09Z">
          <reporter-output>
          </reporter-output>
        </test-method> <!-- startmethod -->
      </class> <!-- Spreetest -->
    </test> <!-- Selenium_Example -->
  </suite> <!-- Default Suite -->
</testng-results>
